<?xml version="1.0" encoding="UTF-8"?>
<testng-results ignored="0" total="1" passed="1" failed="0" skipped="0">
  <reporter-output>
  </reporter-output>
  <suite started-at="2022-05-28T19:33:12 IST" name="Default suite" finished-at="2022-05-28T19:33:30 IST" duration-ms="18109">
    <groups>
    </groups>
    <test started-at="2022-05-28T19:33:12 IST" name="Default test" finished-at="2022-05-28T19:33:30 IST" duration-ms="18109">
      <class name="selenium1.auto1">
        <test-method is-config="true" signature="facebook()[pri:0, instance:selenium1.auto1@306e95ec]" started-at="2022-05-28T19:33:12 IST" name="facebook" finished-at="2022-05-28T19:33:23 IST" duration-ms="11942" status="PASS">
          <reporter-output>
          </reporter-output>
        </test-method> <!-- facebook -->
        <test-method signature="login()[pri:0, instance:selenium1.auto1@306e95ec]" started-at="2022-05-28T19:33:24 IST" name="login" finished-at="2022-05-28T19:33:25 IST" duration-ms="1787" status="PASS">
          <reporter-output>
          </reporter-output>
        </test-method> <!-- login -->
        <test-method is-config="true" signature="close()[pri:0, instance:selenium1.auto1@306e95ec]" started-at="2022-05-28T19:33:25 IST" name="close" finished-at="2022-05-28T19:33:30 IST" duration-ms="4301" status="PASS">
          <reporter-output>
          </reporter-output>
        </test-method> <!-- close -->
      </class> <!-- selenium1.auto1 -->
    </test> <!-- Default test -->
  </suite> <!-- Default suite -->
</testng-results>
